<?xml version="1.0" encoding="UTF-8"?>
<!-- Generated by org.testng.reporters.JUnitReportReporter -->
<testsuite hostname="LAPTOP-BKS25VPJ" name="testNG.Test2" tests="3" failures="0" timestamp="14 Jul 2022 15:01:01 GMT" time="0.025" errors="0">
  <testcase name="chats" time="0.008" classname="testNG.Test2"/>
  <testcase name="calls" time="0.017" classname="testNG.Test2"/>
  <testcase name="settings" time="0.000" classname="testNG.Test2"/>
</testsuite> <!-- testNG.Test2 -->
