<?xml version="1.0" encoding="UTF-8"?>
<!-- Generated by org.testng.reporters.JUnitReportReporter -->
<testsuite hostname="LAPTOP-BKS25VPJ" name="testNG.TestCase2" tests="1" failures="0" timestamp="14 Jul 2022 15:14:05 GMT" time="13.146" errors="0">
  <testcase name="tc1" time="13.146" classname="testNG.TestCase2"/>
</testsuite> <!-- testNG.TestCase2 -->
