<?xml version="1.0" encoding="UTF-8"?>
<!-- Generated by org.testng.reporters.JUnitReportReporter -->
<testsuite hostname="LAPTOP-BKS25VPJ" name="testNG.Test1" tests="1" failures="0" timestamp="14 Jul 2022 14:59:34 GMT" time="0.023" errors="0">
  <testcase name="tc1" time="0.023" classname="testNG.Test1"/>
</testsuite> <!-- testNG.Test1 -->
