<?xml version="1.0" encoding="UTF-8"?>
<!-- Generated by org.testng.reporters.JUnitReportReporter -->
<testsuite hostname="LAPTOP-BKS25VPJ" name="testNG.Test3" tests="6" failures="0" timestamp="14 Jul 2022 15:04:29 GMT" time="0.039" errors="0">
  <testcase name="chats" time="0.000" classname="testNG.Test3"/>
  <testcase name="chats" time="0.000" classname="testNG.Test3"/>
  <testcase name="chats" time="0.030" classname="testNG.Test3"/>
  <testcase name="chats" time="0.009" classname="testNG.Test3"/>
  <testcase name="chats" time="0.000" classname="testNG.Test3"/>
  <testcase name="settings" time="0.000" classname="testNG.Test3"/>
</testsuite> <!-- testNG.Test3 -->
